<?xml version="1.0" encoding="UTF-8"?>
<!-- Generated by org.testng.reporters.JUnitXMLReporter -->
<testsuite ignored="0" hostname="FourColorsLenov" failures="0" tests="5" name="Test" time="24.239" errors="0" timestamp="20 Dec 2023 22:52:56 GMT">
  <testcase classname="Automation.AWCTeamCenter.JenkinsGitDemoTest" name="test1" time="12.816"/>
  <testcase classname="Automation.AWCTeamCenter.JenkinsGitDemoTest" name="test5" time="12.847"/>
  <testcase classname="Automation.AWCTeamCenter.JenkinsGitDemoTest" name="test2" time="12.85"/>
  <testcase classname="Automation.AWCTeamCenter.JenkinsGitDemoTest" name="test3" time="12.859"/>
  <testcase classname="Automation.AWCTeamCenter.JenkinsGitDemoTest" name="test4" time="24.22"/>
</testsuite> <!-- Test -->
