<?xml version="1.0" encoding="UTF-8"?>
<testng-results ignored="0" total="1" passed="1" failed="0" skipped="0">
  <reporter-output>
  </reporter-output>
  <suite started-at="2023-12-19T00:49:03Z" name="Suite" finished-at="2023-12-19T00:49:15Z" duration-ms="12049">
    <groups>
    </groups>
    <test started-at="2023-12-19T00:49:03Z" name="Test" finished-at="2023-12-19T00:49:15Z" duration-ms="12049">
      <class name="Automation.AWCTeamCenter.JenkinsGitDemoTest">
        <test-method signature="test1()[pri:0, instance:Automation.AWCTeamCenter.JenkinsGitDemoTest@c7ba306]" started-at="2023-12-19T00:49:03Z" name="test1" finished-at="2023-12-19T00:49:15Z" duration-ms="12036" status="PASS">
          <reporter-output>
          </reporter-output>
        </test-method> <!-- test1 -->
      </class> <!-- Automation.AWCTeamCenter.JenkinsGitDemoTest -->
    </test> <!-- Test -->
  </suite> <!-- Suite -->
</testng-results>
